<?xml version="1.0" encoding="UTF-8"?>
<beans xmlns="http://www.springframework.org/schema/beans"
       xmlns:xsi="http://www.w3.org/2001/XMLSchema-instance"
       xsi:schemaLocation="http://www.springframework.org/schema/beans http://www.springframework.org/schema/beans/spring-beans-2.0.xsd"
>

    <import resource="classpath:test-persistence.xml"/> 
    
    <!-- use the db used by the app -->
    <!--
    <bean id="roqiDataSource" class="org.apache.commons.dbcp.BasicDataSource">
        <property name="driverClassName" value="org.h2.Driver"/>
        <property name="url" value="jdbc:h2:src/main/resources/roqidb"/>
        <property name="username" value="sa"/> 
        <property name="password" value="password1"/>
        <property name="initialSize" value="5"/>
        <property name="maxActive" value="10"/>
    </bean>
    -->
    
    <bean id="reasoner" class="net.ivoa.roqi.RoqiOWLAPIReasoner">
       <property name="hibernateTemplate" ref="hibernateTemplate"/>
       <property name="subjectOntology" value="roqi_ui_test.owl"/>
    </bean>
        
</beans> 